A51 MACRO ASSEMBLER  GENERATE_SQUARE_WAVE                                                 05/05/2021 23:53:16 PAGE     1


MACRO ASSEMBLER A51 V8.2.7.0
OBJECT MODULE PLACED IN .\Objects\Generate_square_wave.obj
ASSEMBLER INVOKED BY: C:\Keil_v5\C51\BIN\A51.EXE Generate_square_wave.asm SET(SMALL) DEBUG PRINT(.\Listings\Generate_squ
                      are_wave.lst) OBJECT(.\Objects\Generate_square_wave.obj) EP

LOC  OBJ            LINE     SOURCE

                       1     
                       2     
                       3     
                       4     
0000 759000            5                     MOV P1,#00H
0003 758901            6                     MOV TMOD,#01H
0006 758AF2            7     MAIN:   MOV TL0,#0F2H
0009 758CFF            8                     MOV TH0,#0FFH
000C B292              9                     CPL P1.2
000E 1112             10                     ACALL DELAY
0010 80F4             11                     SJMP MAIN
0012 D28C             12     DELAY:  SETB TR0
0014 308DFD           13     HERE:   JNB TF0,HERE
0017 C28C             14                     CLR TR0
0019 C28D             15                     CLR TF0
001B 22               16                     RET
                      17                     END
A51 MACRO ASSEMBLER  GENERATE_SQUARE_WAVE                                                 05/05/2021 23:53:16 PAGE     2

SYMBOL TABLE LISTING
------ ----- -------


N A M E             T Y P E  V A L U E   ATTRIBUTES

DELAY. . . . . . .  C ADDR   0012H   A   
HERE . . . . . . .  C ADDR   0014H   A   
MAIN . . . . . . .  C ADDR   0006H   A   
P1 . . . . . . . .  D ADDR   0090H   A   
TF0. . . . . . . .  B ADDR   0088H.5 A   
TH0. . . . . . . .  D ADDR   008CH   A   
TL0. . . . . . . .  D ADDR   008AH   A   
TMOD . . . . . . .  D ADDR   0089H   A   
TR0. . . . . . . .  B ADDR   0088H.4 A   


REGISTER BANK(S) USED: 0 


ASSEMBLY COMPLETE.  0 WARNING(S), 0 ERROR(S)
